client = Aws::S3::Client.new
client.get_object(bucket: 'cto-tts', key: 'ea2a3477951e4a871173edbd0eda56ef=development/2-3 Bee Conditionals 5.mp3')
client.get_object(bucket: 'cdo-tts', key: 'ea2a3477951e4a871173edbd0eda56ef=development/2-3 Bee Conditionals 5.mp3')
obj = client.get_object(bucket: 'cdo-tts', key: 'ea2a3477951e4a871173edbd0eda56ef=development/2-3 Bee Conditionals 5.mp3')
obj.methods
obj.methods.sort
obj
client.methods
obj.body
obj
obj.methods
obj.clone
obj
client.copy_object
client.copy_object('cdo-tts', 'ea2a3477951e4a871173edbd0eda56ef=development/2-3 Bee Conditionals 5.mp3', '0000aaaa')
client.copy_object('cdo-tts', 'ea2a3477951e4a871173edbd0edasource_key56ef=development/2-3 Bee Conditionals 5.mp3', key:'0000aaaa')
client.copy_object('cdo-tts', 'ea2a3477951e4a871173edbd0edasource_key56ef=development/2-3 Bee Conditionals 5.mp3', key:'0000aaaa')
obj
obj.copy_object(bucket: 'cdo-tts', copy_source: 'ea2a3477951e4a871173edbd0eda56ef=development/2-3 Bee Conditionals 5.mp3', key: '0000aaa')
obj